ARM GAS  /tmp/cc5AoaVb.s 			page 1


   1              		.cpu cortex-m3
   2              		.arch armv7-m
   3              		.fpu softvfp
   4              		.eabi_attribute 20, 1
   5              		.eabi_attribute 21, 1
   6              		.eabi_attribute 23, 3
   7              		.eabi_attribute 24, 1
   8              		.eabi_attribute 25, 1
   9              		.eabi_attribute 26, 1
  10              		.eabi_attribute 30, 1
  11              		.eabi_attribute 34, 1
  12              		.eabi_attribute 18, 4
  13              		.file	"main.c"
  14              		.text
  15              	.Ltext0:
  16              		.cfi_sections	.debug_frame
  17              		.file 1 "Core/Src/main.c"
  18              		.section	.text.MX_GPIO_Init,"ax",%progbits
  19              		.align	1
  20              		.syntax unified
  21              		.thumb
  22              		.thumb_func
  24              	MX_GPIO_Init:
  25              	.LFB67:
   1:Core/Src/main.c **** /* USER CODE BEGIN Header */
   2:Core/Src/main.c **** /**
   3:Core/Src/main.c ****   ******************************************************************************
   4:Core/Src/main.c ****   * @file           : main.c
   5:Core/Src/main.c ****   * @brief          : Main program body
   6:Core/Src/main.c ****   ******************************************************************************
   7:Core/Src/main.c ****   * @attention
   8:Core/Src/main.c ****   *
   9:Core/Src/main.c ****   * Copyright (c) 2025 STMicroelectronics.
  10:Core/Src/main.c ****   * All rights reserved.
  11:Core/Src/main.c ****   *
  12:Core/Src/main.c ****   * This software is licensed under terms that can be found in the LICENSE file
  13:Core/Src/main.c ****   * in the root directory of this software component.
  14:Core/Src/main.c ****   * If no LICENSE file comes with this software, it is provided AS-IS.
  15:Core/Src/main.c ****   *
  16:Core/Src/main.c ****   ******************************************************************************
  17:Core/Src/main.c ****   */
  18:Core/Src/main.c **** /* USER CODE END Header */
  19:Core/Src/main.c **** /* Includes ------------------------------------------------------------------*/
  20:Core/Src/main.c **** #include "main.h"
  21:Core/Src/main.c **** 
  22:Core/Src/main.c **** /* Private includes ----------------------------------------------------------*/
  23:Core/Src/main.c **** /* USER CODE BEGIN Includes */
  24:Core/Src/main.c **** 
  25:Core/Src/main.c **** /* USER CODE END Includes */
  26:Core/Src/main.c **** 
  27:Core/Src/main.c **** /* Private typedef -----------------------------------------------------------*/
  28:Core/Src/main.c **** /* USER CODE BEGIN PTD */
  29:Core/Src/main.c **** 
  30:Core/Src/main.c **** /* USER CODE END PTD */
  31:Core/Src/main.c **** 
  32:Core/Src/main.c **** /* Private define ------------------------------------------------------------*/
  33:Core/Src/main.c **** /* USER CODE BEGIN PD */
ARM GAS  /tmp/cc5AoaVb.s 			page 2


  34:Core/Src/main.c **** 
  35:Core/Src/main.c **** /* USER CODE END PD */
  36:Core/Src/main.c **** 
  37:Core/Src/main.c **** /* Private macro -------------------------------------------------------------*/
  38:Core/Src/main.c **** /* USER CODE BEGIN PM */
  39:Core/Src/main.c **** 
  40:Core/Src/main.c **** /* USER CODE END PM */
  41:Core/Src/main.c **** 
  42:Core/Src/main.c **** /* Private variables ---------------------------------------------------------*/
  43:Core/Src/main.c **** 
  44:Core/Src/main.c **** /* USER CODE BEGIN PV */
  45:Core/Src/main.c **** 
  46:Core/Src/main.c **** /* USER CODE END PV */
  47:Core/Src/main.c **** 
  48:Core/Src/main.c **** /* Private function prototypes -----------------------------------------------*/
  49:Core/Src/main.c **** void SystemClock_Config(void);
  50:Core/Src/main.c **** static void MX_GPIO_Init(void);
  51:Core/Src/main.c **** /* USER CODE BEGIN PFP */
  52:Core/Src/main.c **** 
  53:Core/Src/main.c **** /* USER CODE END PFP */
  54:Core/Src/main.c **** 
  55:Core/Src/main.c **** /* Private user code ---------------------------------------------------------*/
  56:Core/Src/main.c **** /* USER CODE BEGIN 0 */
  57:Core/Src/main.c **** 
  58:Core/Src/main.c **** /* USER CODE END 0 */
  59:Core/Src/main.c **** 
  60:Core/Src/main.c **** /**
  61:Core/Src/main.c ****   * @brief  The application entry point.
  62:Core/Src/main.c ****   * @retval int
  63:Core/Src/main.c ****   */
  64:Core/Src/main.c **** int main(void)
  65:Core/Src/main.c **** {
  66:Core/Src/main.c **** 
  67:Core/Src/main.c ****   /* USER CODE BEGIN 1 */
  68:Core/Src/main.c **** 
  69:Core/Src/main.c ****   /* USER CODE END 1 */
  70:Core/Src/main.c **** 
  71:Core/Src/main.c ****   /* MCU Configuration--------------------------------------------------------*/
  72:Core/Src/main.c **** 
  73:Core/Src/main.c ****   /* Reset of all peripherals, Initializes the Flash interface and the Systick. */
  74:Core/Src/main.c ****   HAL_Init();
  75:Core/Src/main.c **** 
  76:Core/Src/main.c ****   /* USER CODE BEGIN Init */
  77:Core/Src/main.c **** 
  78:Core/Src/main.c ****   /* USER CODE END Init */
  79:Core/Src/main.c **** 
  80:Core/Src/main.c ****   /* Configure the system clock */
  81:Core/Src/main.c ****   SystemClock_Config();
  82:Core/Src/main.c **** 
  83:Core/Src/main.c ****   /* USER CODE BEGIN SysInit */
  84:Core/Src/main.c **** 
  85:Core/Src/main.c ****   /* USER CODE END SysInit */
  86:Core/Src/main.c **** 
  87:Core/Src/main.c ****   /* Initialize all configured peripherals */
  88:Core/Src/main.c ****   MX_GPIO_Init();
  89:Core/Src/main.c ****   /* USER CODE BEGIN 2 */
  90:Core/Src/main.c **** 
ARM GAS  /tmp/cc5AoaVb.s 			page 3


  91:Core/Src/main.c ****   /* USER CODE END 2 */
  92:Core/Src/main.c **** 
  93:Core/Src/main.c ****   /* Infinite loop */
  94:Core/Src/main.c ****   /* USER CODE BEGIN WHILE */
  95:Core/Src/main.c ****   while (1)
  96:Core/Src/main.c ****   {
  97:Core/Src/main.c ****     /* USER CODE END WHILE */
  98:Core/Src/main.c **** 
  99:Core/Src/main.c ****     /* USER CODE BEGIN 3 */
 100:Core/Src/main.c ****     
 101:Core/Src/main.c ****     HAL_GPIO_WritePin(GPIOC,led_Pin,GPIO_PIN_SET);
 102:Core/Src/main.c **** 
 103:Core/Src/main.c ****   }
 104:Core/Src/main.c ****   /* USER CODE END 3 */
 105:Core/Src/main.c **** }
 106:Core/Src/main.c **** 
 107:Core/Src/main.c **** /**
 108:Core/Src/main.c ****   * @brief System Clock Configuration
 109:Core/Src/main.c ****   * @retval None
 110:Core/Src/main.c ****   */
 111:Core/Src/main.c **** void SystemClock_Config(void)
 112:Core/Src/main.c **** {
 113:Core/Src/main.c ****   RCC_OscInitTypeDef RCC_OscInitStruct = {0};
 114:Core/Src/main.c ****   RCC_ClkInitTypeDef RCC_ClkInitStruct = {0};
 115:Core/Src/main.c **** 
 116:Core/Src/main.c ****   /** Initializes the RCC Oscillators according to the specified parameters
 117:Core/Src/main.c ****   * in the RCC_OscInitTypeDef structure.
 118:Core/Src/main.c ****   */
 119:Core/Src/main.c ****   RCC_OscInitStruct.OscillatorType = RCC_OSCILLATORTYPE_HSI;
 120:Core/Src/main.c ****   RCC_OscInitStruct.HSIState = RCC_HSI_ON;
 121:Core/Src/main.c ****   RCC_OscInitStruct.HSICalibrationValue = RCC_HSICALIBRATION_DEFAULT;
 122:Core/Src/main.c ****   RCC_OscInitStruct.PLL.PLLState = RCC_PLL_NONE;
 123:Core/Src/main.c ****   if (HAL_RCC_OscConfig(&RCC_OscInitStruct) != HAL_OK)
 124:Core/Src/main.c ****   {
 125:Core/Src/main.c ****     Error_Handler();
 126:Core/Src/main.c ****   }
 127:Core/Src/main.c **** 
 128:Core/Src/main.c ****   /** Initializes the CPU, AHB and APB buses clocks
 129:Core/Src/main.c ****   */
 130:Core/Src/main.c ****   RCC_ClkInitStruct.ClockType = RCC_CLOCKTYPE_HCLK|RCC_CLOCKTYPE_SYSCLK
 131:Core/Src/main.c ****                               |RCC_CLOCKTYPE_PCLK1|RCC_CLOCKTYPE_PCLK2;
 132:Core/Src/main.c ****   RCC_ClkInitStruct.SYSCLKSource = RCC_SYSCLKSOURCE_HSI;
 133:Core/Src/main.c ****   RCC_ClkInitStruct.AHBCLKDivider = RCC_SYSCLK_DIV1;
 134:Core/Src/main.c ****   RCC_ClkInitStruct.APB1CLKDivider = RCC_HCLK_DIV1;
 135:Core/Src/main.c ****   RCC_ClkInitStruct.APB2CLKDivider = RCC_HCLK_DIV1;
 136:Core/Src/main.c **** 
 137:Core/Src/main.c ****   if (HAL_RCC_ClockConfig(&RCC_ClkInitStruct, FLASH_LATENCY_0) != HAL_OK)
 138:Core/Src/main.c ****   {
 139:Core/Src/main.c ****     Error_Handler();
 140:Core/Src/main.c ****   }
 141:Core/Src/main.c **** }
 142:Core/Src/main.c **** 
 143:Core/Src/main.c **** /**
 144:Core/Src/main.c ****   * @brief GPIO Initialization Function
 145:Core/Src/main.c ****   * @param None
 146:Core/Src/main.c ****   * @retval None
 147:Core/Src/main.c ****   */
ARM GAS  /tmp/cc5AoaVb.s 			page 4


 148:Core/Src/main.c **** static void MX_GPIO_Init(void)
 149:Core/Src/main.c **** {
  26              		.loc 1 149 1 view -0
  27              		.cfi_startproc
  28              		@ args = 0, pretend = 0, frame = 24
  29              		@ frame_needed = 0, uses_anonymous_args = 0
  30 0000 70B5     		push	{r4, r5, r6, lr}
  31              		.cfi_def_cfa_offset 16
  32              		.cfi_offset 4, -16
  33              		.cfi_offset 5, -12
  34              		.cfi_offset 6, -8
  35              		.cfi_offset 14, -4
  36 0002 86B0     		sub	sp, sp, #24
  37              		.cfi_def_cfa_offset 40
 150:Core/Src/main.c ****   GPIO_InitTypeDef GPIO_InitStruct = {0};
  38              		.loc 1 150 3 view .LVU1
  39              		.loc 1 150 20 is_stmt 0 view .LVU2
  40 0004 02AD     		add	r5, sp, #8
  41 0006 0024     		movs	r4, #0
  42 0008 0294     		str	r4, [sp, #8]
  43 000a 0394     		str	r4, [sp, #12]
  44 000c 0494     		str	r4, [sp, #16]
  45 000e 0594     		str	r4, [sp, #20]
 151:Core/Src/main.c **** /* USER CODE BEGIN MX_GPIO_Init_1 */
 152:Core/Src/main.c **** /* USER CODE END MX_GPIO_Init_1 */
 153:Core/Src/main.c **** 
 154:Core/Src/main.c ****   /* GPIO Ports Clock Enable */
 155:Core/Src/main.c ****   __HAL_RCC_GPIOC_CLK_ENABLE();
  46              		.loc 1 155 3 is_stmt 1 view .LVU3
  47              	.LBB4:
  48              		.loc 1 155 3 view .LVU4
  49              		.loc 1 155 3 view .LVU5
  50 0010 134B     		ldr	r3, .L3
  51 0012 9A69     		ldr	r2, [r3, #24]
  52 0014 42F01002 		orr	r2, r2, #16
  53 0018 9A61     		str	r2, [r3, #24]
  54              		.loc 1 155 3 view .LVU6
  55 001a 9A69     		ldr	r2, [r3, #24]
  56 001c 02F01002 		and	r2, r2, #16
  57 0020 0092     		str	r2, [sp]
  58              		.loc 1 155 3 view .LVU7
  59 0022 009A     		ldr	r2, [sp]
  60              	.LBE4:
  61              		.loc 1 155 3 view .LVU8
 156:Core/Src/main.c ****   __HAL_RCC_GPIOA_CLK_ENABLE();
  62              		.loc 1 156 3 view .LVU9
  63              	.LBB5:
  64              		.loc 1 156 3 view .LVU10
  65              		.loc 1 156 3 view .LVU11
  66 0024 9A69     		ldr	r2, [r3, #24]
  67 0026 42F00402 		orr	r2, r2, #4
  68 002a 9A61     		str	r2, [r3, #24]
  69              		.loc 1 156 3 view .LVU12
  70 002c 9B69     		ldr	r3, [r3, #24]
  71 002e 03F00403 		and	r3, r3, #4
  72 0032 0193     		str	r3, [sp, #4]
  73              		.loc 1 156 3 view .LVU13
ARM GAS  /tmp/cc5AoaVb.s 			page 5


  74 0034 019B     		ldr	r3, [sp, #4]
  75              	.LBE5:
  76              		.loc 1 156 3 view .LVU14
 157:Core/Src/main.c **** 
 158:Core/Src/main.c ****   /*Configure GPIO pin Output Level */
 159:Core/Src/main.c ****   HAL_GPIO_WritePin(led_GPIO_Port, led_Pin, GPIO_PIN_RESET);
  77              		.loc 1 159 3 view .LVU15
  78 0036 0B4E     		ldr	r6, .L3+4
  79 0038 2246     		mov	r2, r4
  80 003a 4FF40051 		mov	r1, #8192
  81 003e 3046     		mov	r0, r6
  82 0040 FFF7FEFF 		bl	HAL_GPIO_WritePin
  83              	.LVL0:
 160:Core/Src/main.c **** 
 161:Core/Src/main.c ****   /*Configure GPIO pin : led_Pin */
 162:Core/Src/main.c ****   GPIO_InitStruct.Pin = led_Pin;
  84              		.loc 1 162 3 view .LVU16
  85              		.loc 1 162 23 is_stmt 0 view .LVU17
  86 0044 4FF40053 		mov	r3, #8192
  87 0048 0293     		str	r3, [sp, #8]
 163:Core/Src/main.c ****   GPIO_InitStruct.Mode = GPIO_MODE_OUTPUT_PP;
  88              		.loc 1 163 3 is_stmt 1 view .LVU18
  89              		.loc 1 163 24 is_stmt 0 view .LVU19
  90 004a 0123     		movs	r3, #1
  91 004c 0393     		str	r3, [sp, #12]
 164:Core/Src/main.c ****   GPIO_InitStruct.Pull = GPIO_NOPULL;
  92              		.loc 1 164 3 is_stmt 1 view .LVU20
  93              		.loc 1 164 24 is_stmt 0 view .LVU21
  94 004e 0494     		str	r4, [sp, #16]
 165:Core/Src/main.c ****   GPIO_InitStruct.Speed = GPIO_SPEED_FREQ_LOW;
  95              		.loc 1 165 3 is_stmt 1 view .LVU22
  96              		.loc 1 165 25 is_stmt 0 view .LVU23
  97 0050 0223     		movs	r3, #2
  98 0052 0593     		str	r3, [sp, #20]
 166:Core/Src/main.c ****   HAL_GPIO_Init(led_GPIO_Port, &GPIO_InitStruct);
  99              		.loc 1 166 3 is_stmt 1 view .LVU24
 100 0054 2946     		mov	r1, r5
 101 0056 3046     		mov	r0, r6
 102 0058 FFF7FEFF 		bl	HAL_GPIO_Init
 103              	.LVL1:
 167:Core/Src/main.c **** 
 168:Core/Src/main.c **** /* USER CODE BEGIN MX_GPIO_Init_2 */
 169:Core/Src/main.c **** /* USER CODE END MX_GPIO_Init_2 */
 170:Core/Src/main.c **** }
 104              		.loc 1 170 1 is_stmt 0 view .LVU25
 105 005c 06B0     		add	sp, sp, #24
 106              		.cfi_def_cfa_offset 16
 107              		@ sp needed
 108 005e 70BD     		pop	{r4, r5, r6, pc}
 109              	.L4:
 110              		.align	2
 111              	.L3:
 112 0060 00100240 		.word	1073876992
 113 0064 00100140 		.word	1073811456
 114              		.cfi_endproc
 115              	.LFE67:
 117              		.section	.text.Error_Handler,"ax",%progbits
ARM GAS  /tmp/cc5AoaVb.s 			page 6


 118              		.align	1
 119              		.global	Error_Handler
 120              		.syntax unified
 121              		.thumb
 122              		.thumb_func
 124              	Error_Handler:
 125              	.LFB68:
 171:Core/Src/main.c **** 
 172:Core/Src/main.c **** /* USER CODE BEGIN 4 */
 173:Core/Src/main.c **** 
 174:Core/Src/main.c **** /* USER CODE END 4 */
 175:Core/Src/main.c **** 
 176:Core/Src/main.c **** /**
 177:Core/Src/main.c ****   * @brief  This function is executed in case of error occurrence.
 178:Core/Src/main.c ****   * @retval None
 179:Core/Src/main.c ****   */
 180:Core/Src/main.c **** void Error_Handler(void)
 181:Core/Src/main.c **** {
 126              		.loc 1 181 1 is_stmt 1 view -0
 127              		.cfi_startproc
 128              		@ Volatile: function does not return.
 129              		@ args = 0, pretend = 0, frame = 0
 130              		@ frame_needed = 0, uses_anonymous_args = 0
 131              		@ link register save eliminated.
 182:Core/Src/main.c ****   /* USER CODE BEGIN Error_Handler_Debug */
 183:Core/Src/main.c ****   /* User can add his own implementation to report the HAL error return state */
 184:Core/Src/main.c ****   __disable_irq();
 132              		.loc 1 184 3 view .LVU27
 133              	.LBB6:
 134              	.LBI6:
 135              		.file 2 "Drivers/CMSIS/Include/cmsis_gcc.h"
   1:Drivers/CMSIS/Include/cmsis_gcc.h **** /**************************************************************************//**
   2:Drivers/CMSIS/Include/cmsis_gcc.h ****  * @file     cmsis_gcc.h
   3:Drivers/CMSIS/Include/cmsis_gcc.h ****  * @brief    CMSIS compiler GCC header file
   4:Drivers/CMSIS/Include/cmsis_gcc.h ****  * @version  V5.0.4
   5:Drivers/CMSIS/Include/cmsis_gcc.h ****  * @date     09. April 2018
   6:Drivers/CMSIS/Include/cmsis_gcc.h ****  ******************************************************************************/
   7:Drivers/CMSIS/Include/cmsis_gcc.h **** /*
   8:Drivers/CMSIS/Include/cmsis_gcc.h ****  * Copyright (c) 2009-2018 Arm Limited. All rights reserved.
   9:Drivers/CMSIS/Include/cmsis_gcc.h ****  *
  10:Drivers/CMSIS/Include/cmsis_gcc.h ****  * SPDX-License-Identifier: Apache-2.0
  11:Drivers/CMSIS/Include/cmsis_gcc.h ****  *
  12:Drivers/CMSIS/Include/cmsis_gcc.h ****  * Licensed under the Apache License, Version 2.0 (the License); you may
  13:Drivers/CMSIS/Include/cmsis_gcc.h ****  * not use this file except in compliance with the License.
  14:Drivers/CMSIS/Include/cmsis_gcc.h ****  * You may obtain a copy of the License at
  15:Drivers/CMSIS/Include/cmsis_gcc.h ****  *
  16:Drivers/CMSIS/Include/cmsis_gcc.h ****  * www.apache.org/licenses/LICENSE-2.0
  17:Drivers/CMSIS/Include/cmsis_gcc.h ****  *
  18:Drivers/CMSIS/Include/cmsis_gcc.h ****  * Unless required by applicable law or agreed to in writing, software
  19:Drivers/CMSIS/Include/cmsis_gcc.h ****  * distributed under the License is distributed on an AS IS BASIS, WITHOUT
  20:Drivers/CMSIS/Include/cmsis_gcc.h ****  * WARRANTIES OR CONDITIONS OF ANY KIND, either express or implied.
  21:Drivers/CMSIS/Include/cmsis_gcc.h ****  * See the License for the specific language governing permissions and
  22:Drivers/CMSIS/Include/cmsis_gcc.h ****  * limitations under the License.
  23:Drivers/CMSIS/Include/cmsis_gcc.h ****  */
  24:Drivers/CMSIS/Include/cmsis_gcc.h **** 
  25:Drivers/CMSIS/Include/cmsis_gcc.h **** #ifndef __CMSIS_GCC_H
  26:Drivers/CMSIS/Include/cmsis_gcc.h **** #define __CMSIS_GCC_H
ARM GAS  /tmp/cc5AoaVb.s 			page 7


  27:Drivers/CMSIS/Include/cmsis_gcc.h **** 
  28:Drivers/CMSIS/Include/cmsis_gcc.h **** /* ignore some GCC warnings */
  29:Drivers/CMSIS/Include/cmsis_gcc.h **** #pragma GCC diagnostic push
  30:Drivers/CMSIS/Include/cmsis_gcc.h **** #pragma GCC diagnostic ignored "-Wsign-conversion"
  31:Drivers/CMSIS/Include/cmsis_gcc.h **** #pragma GCC diagnostic ignored "-Wconversion"
  32:Drivers/CMSIS/Include/cmsis_gcc.h **** #pragma GCC diagnostic ignored "-Wunused-parameter"
  33:Drivers/CMSIS/Include/cmsis_gcc.h **** 
  34:Drivers/CMSIS/Include/cmsis_gcc.h **** /* Fallback for __has_builtin */
  35:Drivers/CMSIS/Include/cmsis_gcc.h **** #ifndef __has_builtin
  36:Drivers/CMSIS/Include/cmsis_gcc.h ****   #define __has_builtin(x) (0)
  37:Drivers/CMSIS/Include/cmsis_gcc.h **** #endif
  38:Drivers/CMSIS/Include/cmsis_gcc.h **** 
  39:Drivers/CMSIS/Include/cmsis_gcc.h **** /* CMSIS compiler specific defines */
  40:Drivers/CMSIS/Include/cmsis_gcc.h **** #ifndef   __ASM
  41:Drivers/CMSIS/Include/cmsis_gcc.h ****   #define __ASM                                  __asm
  42:Drivers/CMSIS/Include/cmsis_gcc.h **** #endif
  43:Drivers/CMSIS/Include/cmsis_gcc.h **** #ifndef   __INLINE
  44:Drivers/CMSIS/Include/cmsis_gcc.h ****   #define __INLINE                               inline
  45:Drivers/CMSIS/Include/cmsis_gcc.h **** #endif
  46:Drivers/CMSIS/Include/cmsis_gcc.h **** #ifndef   __STATIC_INLINE
  47:Drivers/CMSIS/Include/cmsis_gcc.h ****   #define __STATIC_INLINE                        static inline
  48:Drivers/CMSIS/Include/cmsis_gcc.h **** #endif
  49:Drivers/CMSIS/Include/cmsis_gcc.h **** #ifndef   __STATIC_FORCEINLINE                 
  50:Drivers/CMSIS/Include/cmsis_gcc.h ****   #define __STATIC_FORCEINLINE                   __attribute__((always_inline)) static inline
  51:Drivers/CMSIS/Include/cmsis_gcc.h **** #endif                                           
  52:Drivers/CMSIS/Include/cmsis_gcc.h **** #ifndef   __NO_RETURN
  53:Drivers/CMSIS/Include/cmsis_gcc.h ****   #define __NO_RETURN                            __attribute__((__noreturn__))
  54:Drivers/CMSIS/Include/cmsis_gcc.h **** #endif
  55:Drivers/CMSIS/Include/cmsis_gcc.h **** #ifndef   __USED
  56:Drivers/CMSIS/Include/cmsis_gcc.h ****   #define __USED                                 __attribute__((used))
  57:Drivers/CMSIS/Include/cmsis_gcc.h **** #endif
  58:Drivers/CMSIS/Include/cmsis_gcc.h **** #ifndef   __WEAK
  59:Drivers/CMSIS/Include/cmsis_gcc.h ****   #define __WEAK                                 __attribute__((weak))
  60:Drivers/CMSIS/Include/cmsis_gcc.h **** #endif
  61:Drivers/CMSIS/Include/cmsis_gcc.h **** #ifndef   __PACKED
  62:Drivers/CMSIS/Include/cmsis_gcc.h ****   #define __PACKED                               __attribute__((packed, aligned(1)))
  63:Drivers/CMSIS/Include/cmsis_gcc.h **** #endif
  64:Drivers/CMSIS/Include/cmsis_gcc.h **** #ifndef   __PACKED_STRUCT
  65:Drivers/CMSIS/Include/cmsis_gcc.h ****   #define __PACKED_STRUCT                        struct __attribute__((packed, aligned(1)))
  66:Drivers/CMSIS/Include/cmsis_gcc.h **** #endif
  67:Drivers/CMSIS/Include/cmsis_gcc.h **** #ifndef   __PACKED_UNION
  68:Drivers/CMSIS/Include/cmsis_gcc.h ****   #define __PACKED_UNION                         union __attribute__((packed, aligned(1)))
  69:Drivers/CMSIS/Include/cmsis_gcc.h **** #endif
  70:Drivers/CMSIS/Include/cmsis_gcc.h **** #ifndef   __UNALIGNED_UINT32        /* deprecated */
  71:Drivers/CMSIS/Include/cmsis_gcc.h ****   #pragma GCC diagnostic push
  72:Drivers/CMSIS/Include/cmsis_gcc.h ****   #pragma GCC diagnostic ignored "-Wpacked"
  73:Drivers/CMSIS/Include/cmsis_gcc.h ****   #pragma GCC diagnostic ignored "-Wattributes"
  74:Drivers/CMSIS/Include/cmsis_gcc.h ****   struct __attribute__((packed)) T_UINT32 { uint32_t v; };
  75:Drivers/CMSIS/Include/cmsis_gcc.h ****   #pragma GCC diagnostic pop
  76:Drivers/CMSIS/Include/cmsis_gcc.h ****   #define __UNALIGNED_UINT32(x)                  (((struct T_UINT32 *)(x))->v)
  77:Drivers/CMSIS/Include/cmsis_gcc.h **** #endif
  78:Drivers/CMSIS/Include/cmsis_gcc.h **** #ifndef   __UNALIGNED_UINT16_WRITE
  79:Drivers/CMSIS/Include/cmsis_gcc.h ****   #pragma GCC diagnostic push
  80:Drivers/CMSIS/Include/cmsis_gcc.h ****   #pragma GCC diagnostic ignored "-Wpacked"
  81:Drivers/CMSIS/Include/cmsis_gcc.h ****   #pragma GCC diagnostic ignored "-Wattributes"
  82:Drivers/CMSIS/Include/cmsis_gcc.h ****   __PACKED_STRUCT T_UINT16_WRITE { uint16_t v; };
  83:Drivers/CMSIS/Include/cmsis_gcc.h ****   #pragma GCC diagnostic pop
ARM GAS  /tmp/cc5AoaVb.s 			page 8


  84:Drivers/CMSIS/Include/cmsis_gcc.h ****   #define __UNALIGNED_UINT16_WRITE(addr, val)    (void)((((struct T_UINT16_WRITE *)(void *)(addr))-
  85:Drivers/CMSIS/Include/cmsis_gcc.h **** #endif
  86:Drivers/CMSIS/Include/cmsis_gcc.h **** #ifndef   __UNALIGNED_UINT16_READ
  87:Drivers/CMSIS/Include/cmsis_gcc.h ****   #pragma GCC diagnostic push
  88:Drivers/CMSIS/Include/cmsis_gcc.h ****   #pragma GCC diagnostic ignored "-Wpacked"
  89:Drivers/CMSIS/Include/cmsis_gcc.h ****   #pragma GCC diagnostic ignored "-Wattributes"
  90:Drivers/CMSIS/Include/cmsis_gcc.h ****   __PACKED_STRUCT T_UINT16_READ { uint16_t v; };
  91:Drivers/CMSIS/Include/cmsis_gcc.h ****   #pragma GCC diagnostic pop
  92:Drivers/CMSIS/Include/cmsis_gcc.h ****   #define __UNALIGNED_UINT16_READ(addr)          (((const struct T_UINT16_READ *)(const void *)(add
  93:Drivers/CMSIS/Include/cmsis_gcc.h **** #endif
  94:Drivers/CMSIS/Include/cmsis_gcc.h **** #ifndef   __UNALIGNED_UINT32_WRITE
  95:Drivers/CMSIS/Include/cmsis_gcc.h ****   #pragma GCC diagnostic push
  96:Drivers/CMSIS/Include/cmsis_gcc.h ****   #pragma GCC diagnostic ignored "-Wpacked"
  97:Drivers/CMSIS/Include/cmsis_gcc.h ****   #pragma GCC diagnostic ignored "-Wattributes"
  98:Drivers/CMSIS/Include/cmsis_gcc.h ****   __PACKED_STRUCT T_UINT32_WRITE { uint32_t v; };
  99:Drivers/CMSIS/Include/cmsis_gcc.h ****   #pragma GCC diagnostic pop
 100:Drivers/CMSIS/Include/cmsis_gcc.h ****   #define __UNALIGNED_UINT32_WRITE(addr, val)    (void)((((struct T_UINT32_WRITE *)(void *)(addr))-
 101:Drivers/CMSIS/Include/cmsis_gcc.h **** #endif
 102:Drivers/CMSIS/Include/cmsis_gcc.h **** #ifndef   __UNALIGNED_UINT32_READ
 103:Drivers/CMSIS/Include/cmsis_gcc.h ****   #pragma GCC diagnostic push
 104:Drivers/CMSIS/Include/cmsis_gcc.h ****   #pragma GCC diagnostic ignored "-Wpacked"
 105:Drivers/CMSIS/Include/cmsis_gcc.h ****   #pragma GCC diagnostic ignored "-Wattributes"
 106:Drivers/CMSIS/Include/cmsis_gcc.h ****   __PACKED_STRUCT T_UINT32_READ { uint32_t v; };
 107:Drivers/CMSIS/Include/cmsis_gcc.h ****   #pragma GCC diagnostic pop
 108:Drivers/CMSIS/Include/cmsis_gcc.h ****   #define __UNALIGNED_UINT32_READ(addr)          (((const struct T_UINT32_READ *)(const void *)(add
 109:Drivers/CMSIS/Include/cmsis_gcc.h **** #endif
 110:Drivers/CMSIS/Include/cmsis_gcc.h **** #ifndef   __ALIGNED
 111:Drivers/CMSIS/Include/cmsis_gcc.h ****   #define __ALIGNED(x)                           __attribute__((aligned(x)))
 112:Drivers/CMSIS/Include/cmsis_gcc.h **** #endif
 113:Drivers/CMSIS/Include/cmsis_gcc.h **** #ifndef   __RESTRICT
 114:Drivers/CMSIS/Include/cmsis_gcc.h ****   #define __RESTRICT                             __restrict
 115:Drivers/CMSIS/Include/cmsis_gcc.h **** #endif
 116:Drivers/CMSIS/Include/cmsis_gcc.h **** 
 117:Drivers/CMSIS/Include/cmsis_gcc.h **** 
 118:Drivers/CMSIS/Include/cmsis_gcc.h **** /* ###########################  Core Function Access  ########################### */
 119:Drivers/CMSIS/Include/cmsis_gcc.h **** /** \ingroup  CMSIS_Core_FunctionInterface
 120:Drivers/CMSIS/Include/cmsis_gcc.h ****     \defgroup CMSIS_Core_RegAccFunctions CMSIS Core Register Access Functions
 121:Drivers/CMSIS/Include/cmsis_gcc.h ****   @{
 122:Drivers/CMSIS/Include/cmsis_gcc.h ****  */
 123:Drivers/CMSIS/Include/cmsis_gcc.h **** 
 124:Drivers/CMSIS/Include/cmsis_gcc.h **** /**
 125:Drivers/CMSIS/Include/cmsis_gcc.h ****   \brief   Enable IRQ Interrupts
 126:Drivers/CMSIS/Include/cmsis_gcc.h ****   \details Enables IRQ interrupts by clearing the I-bit in the CPSR.
 127:Drivers/CMSIS/Include/cmsis_gcc.h ****            Can only be executed in Privileged modes.
 128:Drivers/CMSIS/Include/cmsis_gcc.h ****  */
 129:Drivers/CMSIS/Include/cmsis_gcc.h **** __STATIC_FORCEINLINE void __enable_irq(void)
 130:Drivers/CMSIS/Include/cmsis_gcc.h **** {
 131:Drivers/CMSIS/Include/cmsis_gcc.h ****   __ASM volatile ("cpsie i" : : : "memory");
 132:Drivers/CMSIS/Include/cmsis_gcc.h **** }
 133:Drivers/CMSIS/Include/cmsis_gcc.h **** 
 134:Drivers/CMSIS/Include/cmsis_gcc.h **** 
 135:Drivers/CMSIS/Include/cmsis_gcc.h **** /**
 136:Drivers/CMSIS/Include/cmsis_gcc.h ****   \brief   Disable IRQ Interrupts
 137:Drivers/CMSIS/Include/cmsis_gcc.h ****   \details Disables IRQ interrupts by setting the I-bit in the CPSR.
 138:Drivers/CMSIS/Include/cmsis_gcc.h ****            Can only be executed in Privileged modes.
 139:Drivers/CMSIS/Include/cmsis_gcc.h ****  */
 140:Drivers/CMSIS/Include/cmsis_gcc.h **** __STATIC_FORCEINLINE void __disable_irq(void)
ARM GAS  /tmp/cc5AoaVb.s 			page 9


 136              		.loc 2 140 27 view .LVU28
 137              	.LBB7:
 141:Drivers/CMSIS/Include/cmsis_gcc.h **** {
 142:Drivers/CMSIS/Include/cmsis_gcc.h ****   __ASM volatile ("cpsid i" : : : "memory");
 138              		.loc 2 142 3 view .LVU29
 139              		.syntax unified
 140              	@ 142 "Drivers/CMSIS/Include/cmsis_gcc.h" 1
 141 0000 72B6     		cpsid i
 142              	@ 0 "" 2
 143              		.thumb
 144              		.syntax unified
 145              	.L6:
 146              	.LBE7:
 147              	.LBE6:
 185:Core/Src/main.c ****   while (1)
 148              		.loc 1 185 3 view .LVU30
 186:Core/Src/main.c ****   {
 187:Core/Src/main.c ****   }
 149              		.loc 1 187 3 view .LVU31
 185:Core/Src/main.c ****   while (1)
 150              		.loc 1 185 9 view .LVU32
 151 0002 FEE7     		b	.L6
 152              		.cfi_endproc
 153              	.LFE68:
 155              		.section	.text.SystemClock_Config,"ax",%progbits
 156              		.align	1
 157              		.global	SystemClock_Config
 158              		.syntax unified
 159              		.thumb
 160              		.thumb_func
 162              	SystemClock_Config:
 163              	.LFB66:
 112:Core/Src/main.c ****   RCC_OscInitTypeDef RCC_OscInitStruct = {0};
 164              		.loc 1 112 1 view -0
 165              		.cfi_startproc
 166              		@ args = 0, pretend = 0, frame = 64
 167              		@ frame_needed = 0, uses_anonymous_args = 0
 168 0000 10B5     		push	{r4, lr}
 169              		.cfi_def_cfa_offset 8
 170              		.cfi_offset 4, -8
 171              		.cfi_offset 14, -4
 172 0002 90B0     		sub	sp, sp, #64
 173              		.cfi_def_cfa_offset 72
 113:Core/Src/main.c ****   RCC_ClkInitTypeDef RCC_ClkInitStruct = {0};
 174              		.loc 1 113 3 view .LVU34
 113:Core/Src/main.c ****   RCC_ClkInitTypeDef RCC_ClkInitStruct = {0};
 175              		.loc 1 113 22 is_stmt 0 view .LVU35
 176 0004 06AC     		add	r4, sp, #24
 177 0006 2822     		movs	r2, #40
 178 0008 0021     		movs	r1, #0
 179 000a 2046     		mov	r0, r4
 180 000c FFF7FEFF 		bl	memset
 181              	.LVL2:
 114:Core/Src/main.c **** 
 182              		.loc 1 114 3 is_stmt 1 view .LVU36
 114:Core/Src/main.c **** 
 183              		.loc 1 114 22 is_stmt 0 view .LVU37
ARM GAS  /tmp/cc5AoaVb.s 			page 10


 184 0010 0023     		movs	r3, #0
 185 0012 0193     		str	r3, [sp, #4]
 186 0014 0293     		str	r3, [sp, #8]
 187 0016 0393     		str	r3, [sp, #12]
 188 0018 0493     		str	r3, [sp, #16]
 189 001a 0593     		str	r3, [sp, #20]
 119:Core/Src/main.c ****   RCC_OscInitStruct.HSIState = RCC_HSI_ON;
 190              		.loc 1 119 3 is_stmt 1 view .LVU38
 119:Core/Src/main.c ****   RCC_OscInitStruct.HSIState = RCC_HSI_ON;
 191              		.loc 1 119 36 is_stmt 0 view .LVU39
 192 001c 0223     		movs	r3, #2
 193 001e 0693     		str	r3, [sp, #24]
 120:Core/Src/main.c ****   RCC_OscInitStruct.HSICalibrationValue = RCC_HSICALIBRATION_DEFAULT;
 194              		.loc 1 120 3 is_stmt 1 view .LVU40
 120:Core/Src/main.c ****   RCC_OscInitStruct.HSICalibrationValue = RCC_HSICALIBRATION_DEFAULT;
 195              		.loc 1 120 30 is_stmt 0 view .LVU41
 196 0020 0123     		movs	r3, #1
 197 0022 0A93     		str	r3, [sp, #40]
 121:Core/Src/main.c ****   RCC_OscInitStruct.PLL.PLLState = RCC_PLL_NONE;
 198              		.loc 1 121 3 is_stmt 1 view .LVU42
 121:Core/Src/main.c ****   RCC_OscInitStruct.PLL.PLLState = RCC_PLL_NONE;
 199              		.loc 1 121 41 is_stmt 0 view .LVU43
 200 0024 1023     		movs	r3, #16
 201 0026 0B93     		str	r3, [sp, #44]
 122:Core/Src/main.c ****   if (HAL_RCC_OscConfig(&RCC_OscInitStruct) != HAL_OK)
 202              		.loc 1 122 3 is_stmt 1 view .LVU44
 123:Core/Src/main.c ****   {
 203              		.loc 1 123 3 view .LVU45
 123:Core/Src/main.c ****   {
 204              		.loc 1 123 7 is_stmt 0 view .LVU46
 205 0028 2046     		mov	r0, r4
 206 002a FFF7FEFF 		bl	HAL_RCC_OscConfig
 207              	.LVL3:
 123:Core/Src/main.c ****   {
 208              		.loc 1 123 6 discriminator 1 view .LVU47
 209 002e 60B9     		cbnz	r0, .L11
 130:Core/Src/main.c ****                               |RCC_CLOCKTYPE_PCLK1|RCC_CLOCKTYPE_PCLK2;
 210              		.loc 1 130 3 is_stmt 1 view .LVU48
 130:Core/Src/main.c ****                               |RCC_CLOCKTYPE_PCLK1|RCC_CLOCKTYPE_PCLK2;
 211              		.loc 1 130 31 is_stmt 0 view .LVU49
 212 0030 0F23     		movs	r3, #15
 213 0032 0193     		str	r3, [sp, #4]
 132:Core/Src/main.c ****   RCC_ClkInitStruct.AHBCLKDivider = RCC_SYSCLK_DIV1;
 214              		.loc 1 132 3 is_stmt 1 view .LVU50
 132:Core/Src/main.c ****   RCC_ClkInitStruct.AHBCLKDivider = RCC_SYSCLK_DIV1;
 215              		.loc 1 132 34 is_stmt 0 view .LVU51
 216 0034 0021     		movs	r1, #0
 217 0036 0291     		str	r1, [sp, #8]
 133:Core/Src/main.c ****   RCC_ClkInitStruct.APB1CLKDivider = RCC_HCLK_DIV1;
 218              		.loc 1 133 3 is_stmt 1 view .LVU52
 133:Core/Src/main.c ****   RCC_ClkInitStruct.APB1CLKDivider = RCC_HCLK_DIV1;
 219              		.loc 1 133 35 is_stmt 0 view .LVU53
 220 0038 0391     		str	r1, [sp, #12]
 134:Core/Src/main.c ****   RCC_ClkInitStruct.APB2CLKDivider = RCC_HCLK_DIV1;
 221              		.loc 1 134 3 is_stmt 1 view .LVU54
 134:Core/Src/main.c ****   RCC_ClkInitStruct.APB2CLKDivider = RCC_HCLK_DIV1;
 222              		.loc 1 134 36 is_stmt 0 view .LVU55
ARM GAS  /tmp/cc5AoaVb.s 			page 11


 223 003a 0491     		str	r1, [sp, #16]
 135:Core/Src/main.c **** 
 224              		.loc 1 135 3 is_stmt 1 view .LVU56
 135:Core/Src/main.c **** 
 225              		.loc 1 135 36 is_stmt 0 view .LVU57
 226 003c 0591     		str	r1, [sp, #20]
 137:Core/Src/main.c ****   {
 227              		.loc 1 137 3 is_stmt 1 view .LVU58
 137:Core/Src/main.c ****   {
 228              		.loc 1 137 7 is_stmt 0 view .LVU59
 229 003e 01A8     		add	r0, sp, #4
 230 0040 FFF7FEFF 		bl	HAL_RCC_ClockConfig
 231              	.LVL4:
 137:Core/Src/main.c ****   {
 232              		.loc 1 137 6 discriminator 1 view .LVU60
 233 0044 18B9     		cbnz	r0, .L12
 141:Core/Src/main.c **** 
 234              		.loc 1 141 1 view .LVU61
 235 0046 10B0     		add	sp, sp, #64
 236              		.cfi_remember_state
 237              		.cfi_def_cfa_offset 8
 238              		@ sp needed
 239 0048 10BD     		pop	{r4, pc}
 240              	.L11:
 241              		.cfi_restore_state
 125:Core/Src/main.c ****   }
 242              		.loc 1 125 5 is_stmt 1 view .LVU62
 243 004a FFF7FEFF 		bl	Error_Handler
 244              	.LVL5:
 245              	.L12:
 139:Core/Src/main.c ****   }
 246              		.loc 1 139 5 view .LVU63
 247 004e FFF7FEFF 		bl	Error_Handler
 248              	.LVL6:
 249              		.cfi_endproc
 250              	.LFE66:
 252              		.section	.text.main,"ax",%progbits
 253              		.align	1
 254              		.global	main
 255              		.syntax unified
 256              		.thumb
 257              		.thumb_func
 259              	main:
 260              	.LFB65:
  65:Core/Src/main.c **** 
 261              		.loc 1 65 1 view -0
 262              		.cfi_startproc
 263              		@ Volatile: function does not return.
 264              		@ args = 0, pretend = 0, frame = 0
 265              		@ frame_needed = 0, uses_anonymous_args = 0
 266 0000 08B5     		push	{r3, lr}
 267              		.cfi_def_cfa_offset 8
 268              		.cfi_offset 3, -8
 269              		.cfi_offset 14, -4
  74:Core/Src/main.c **** 
 270              		.loc 1 74 3 view .LVU65
 271 0002 FFF7FEFF 		bl	HAL_Init
ARM GAS  /tmp/cc5AoaVb.s 			page 12


 272              	.LVL7:
  81:Core/Src/main.c **** 
 273              		.loc 1 81 3 view .LVU66
 274 0006 FFF7FEFF 		bl	SystemClock_Config
 275              	.LVL8:
  88:Core/Src/main.c ****   /* USER CODE BEGIN 2 */
 276              		.loc 1 88 3 view .LVU67
 277 000a FFF7FEFF 		bl	MX_GPIO_Init
 278              	.LVL9:
 279              	.L14:
  95:Core/Src/main.c ****   {
 280              		.loc 1 95 3 view .LVU68
 101:Core/Src/main.c **** 
 281              		.loc 1 101 5 discriminator 1 view .LVU69
 282 000e 0122     		movs	r2, #1
 283 0010 4FF40051 		mov	r1, #8192
 284 0014 0148     		ldr	r0, .L16
 285 0016 FFF7FEFF 		bl	HAL_GPIO_WritePin
 286              	.LVL10:
  95:Core/Src/main.c ****   {
 287              		.loc 1 95 9 view .LVU70
 288 001a F8E7     		b	.L14
 289              	.L17:
 290              		.align	2
 291              	.L16:
 292 001c 00100140 		.word	1073811456
 293              		.cfi_endproc
 294              	.LFE65:
 296              		.text
 297              	.Letext0:
 298              		.file 3 "/usr/arm-none-eabi/include/machine/_default_types.h"
 299              		.file 4 "/usr/arm-none-eabi/include/sys/_stdint.h"
 300              		.file 5 "Drivers/CMSIS/Device/ST/STM32F1xx/Include/stm32f103xb.h"
 301              		.file 6 "Drivers/STM32F1xx_HAL_Driver/Inc/stm32f1xx_hal_def.h"
 302              		.file 7 "Drivers/STM32F1xx_HAL_Driver/Inc/stm32f1xx_hal_rcc.h"
 303              		.file 8 "Drivers/STM32F1xx_HAL_Driver/Inc/stm32f1xx_hal_rcc_ex.h"
 304              		.file 9 "Drivers/STM32F1xx_HAL_Driver/Inc/stm32f1xx_hal_gpio.h"
 305              		.file 10 "Drivers/STM32F1xx_HAL_Driver/Inc/stm32f1xx_hal.h"
 306              		.file 11 "<built-in>"
ARM GAS  /tmp/cc5AoaVb.s 			page 13


DEFINED SYMBOLS
                            *ABS*:00000000 main.c
     /tmp/cc5AoaVb.s:19     .text.MX_GPIO_Init:00000000 $t
     /tmp/cc5AoaVb.s:24     .text.MX_GPIO_Init:00000000 MX_GPIO_Init
     /tmp/cc5AoaVb.s:112    .text.MX_GPIO_Init:00000060 $d
     /tmp/cc5AoaVb.s:118    .text.Error_Handler:00000000 $t
     /tmp/cc5AoaVb.s:124    .text.Error_Handler:00000000 Error_Handler
     /tmp/cc5AoaVb.s:156    .text.SystemClock_Config:00000000 $t
     /tmp/cc5AoaVb.s:162    .text.SystemClock_Config:00000000 SystemClock_Config
     /tmp/cc5AoaVb.s:253    .text.main:00000000 $t
     /tmp/cc5AoaVb.s:259    .text.main:00000000 main
     /tmp/cc5AoaVb.s:292    .text.main:0000001c $d

UNDEFINED SYMBOLS
HAL_GPIO_WritePin
HAL_GPIO_Init
memset
HAL_RCC_OscConfig
HAL_RCC_ClockConfig
HAL_Init
