ARM GAS  /tmp/cc5PxIEN.s 			page 1


   1              		.cpu cortex-m3
   2              		.arch armv7-m
   3              		.fpu softvfp
   4              		.eabi_attribute 20, 1
   5              		.eabi_attribute 21, 1
   6              		.eabi_attribute 23, 3
   7              		.eabi_attribute 24, 1
   8              		.eabi_attribute 25, 1
   9              		.eabi_attribute 26, 1
  10              		.eabi_attribute 30, 1
  11              		.eabi_attribute 34, 1
  12              		.eabi_attribute 18, 4
  13              		.file	"main.c"
  14              		.text
  15              		.section	.text.MX_GPIO_Init,"ax",%progbits
  16              		.align	1
  17              		.syntax unified
  18              		.thumb
  19              		.thumb_func
  21              	MX_GPIO_Init:
  22              		@ args = 0, pretend = 0, frame = 32
  23              		@ frame_needed = 0, uses_anonymous_args = 0
  24 0000 70B5     		push	{r4, r5, r6, lr}
  25 0002 88B0     		sub	sp, sp, #32
  26 0004 04AD     		add	r5, sp, #16
  27 0006 0024     		movs	r4, #0
  28 0008 0494     		str	r4, [sp, #16]
  29 000a 0594     		str	r4, [sp, #20]
  30 000c 0694     		str	r4, [sp, #24]
  31 000e 0794     		str	r4, [sp, #28]
  32 0010 1C4B     		ldr	r3, .L3
  33 0012 9A69     		ldr	r2, [r3, #24]
  34 0014 42F01002 		orr	r2, r2, #16
  35 0018 9A61     		str	r2, [r3, #24]
  36 001a 9A69     		ldr	r2, [r3, #24]
  37 001c 02F01002 		and	r2, r2, #16
  38 0020 0192     		str	r2, [sp, #4]
  39 0022 019A     		ldr	r2, [sp, #4]
  40 0024 9A69     		ldr	r2, [r3, #24]
  41 0026 42F02002 		orr	r2, r2, #32
  42 002a 9A61     		str	r2, [r3, #24]
  43 002c 9A69     		ldr	r2, [r3, #24]
  44 002e 02F02002 		and	r2, r2, #32
  45 0032 0292     		str	r2, [sp, #8]
  46 0034 029A     		ldr	r2, [sp, #8]
  47 0036 9A69     		ldr	r2, [r3, #24]
  48 0038 42F00402 		orr	r2, r2, #4
  49 003c 9A61     		str	r2, [r3, #24]
  50 003e 9B69     		ldr	r3, [r3, #24]
  51 0040 03F00403 		and	r3, r3, #4
  52 0044 0393     		str	r3, [sp, #12]
  53 0046 039B     		ldr	r3, [sp, #12]
  54 0048 0F4E     		ldr	r6, .L3+4
  55 004a 2246     		mov	r2, r4
  56 004c 4FF40051 		mov	r1, #8192
  57 0050 3046     		mov	r0, r6
  58 0052 FFF7FEFF 		bl	HAL_GPIO_WritePin
ARM GAS  /tmp/cc5PxIEN.s 			page 2


  59 0056 4FF40053 		mov	r3, #8192
  60 005a 0493     		str	r3, [sp, #16]
  61 005c 0123     		movs	r3, #1
  62 005e 0593     		str	r3, [sp, #20]
  63 0060 0694     		str	r4, [sp, #24]
  64 0062 0223     		movs	r3, #2
  65 0064 0793     		str	r3, [sp, #28]
  66 0066 2946     		mov	r1, r5
  67 0068 3046     		mov	r0, r6
  68 006a FFF7FEFF 		bl	HAL_GPIO_Init
  69 006e 4023     		movs	r3, #64
  70 0070 0493     		str	r3, [sp, #16]
  71 0072 0594     		str	r4, [sp, #20]
  72 0074 0694     		str	r4, [sp, #24]
  73 0076 2946     		mov	r1, r5
  74 0078 0448     		ldr	r0, .L3+8
  75 007a FFF7FEFF 		bl	HAL_GPIO_Init
  76 007e 08B0     		add	sp, sp, #32
  77              		@ sp needed
  78 0080 70BD     		pop	{r4, r5, r6, pc}
  79              	.L4:
  80 0082 00BF     		.align	2
  81              	.L3:
  82 0084 00100240 		.word	1073876992
  83 0088 00100140 		.word	1073811456
  84 008c 00080140 		.word	1073809408
  86              		.section	.text.Error_Handler,"ax",%progbits
  87              		.align	1
  88              		.global	Error_Handler
  89              		.syntax unified
  90              		.thumb
  91              		.thumb_func
  93              	Error_Handler:
  94              		@ Volatile: function does not return.
  95              		@ args = 0, pretend = 0, frame = 0
  96              		@ frame_needed = 0, uses_anonymous_args = 0
  97              		@ link register save eliminated.
  98              		.syntax unified
  99              	@ 142 "Drivers/CMSIS/Include/cmsis_gcc.h" 1
 100 0000 72B6     		cpsid i
 101              	@ 0 "" 2
 102              		.thumb
 103              		.syntax unified
 104              	.L6:
 105 0002 FEE7     		b	.L6
 107              		.section	.text.SystemClock_Config,"ax",%progbits
 108              		.align	1
 109              		.global	SystemClock_Config
 110              		.syntax unified
 111              		.thumb
 112              		.thumb_func
 114              	SystemClock_Config:
 115              		@ args = 0, pretend = 0, frame = 64
 116              		@ frame_needed = 0, uses_anonymous_args = 0
 117 0000 10B5     		push	{r4, lr}
 118 0002 90B0     		sub	sp, sp, #64
 119 0004 06AC     		add	r4, sp, #24
ARM GAS  /tmp/cc5PxIEN.s 			page 3


 120 0006 2822     		movs	r2, #40
 121 0008 0021     		movs	r1, #0
 122 000a 2046     		mov	r0, r4
 123 000c FFF7FEFF 		bl	memset
 124 0010 0023     		movs	r3, #0
 125 0012 0193     		str	r3, [sp, #4]
 126 0014 0293     		str	r3, [sp, #8]
 127 0016 0393     		str	r3, [sp, #12]
 128 0018 0493     		str	r3, [sp, #16]
 129 001a 0593     		str	r3, [sp, #20]
 130 001c 0123     		movs	r3, #1
 131 001e 0693     		str	r3, [sp, #24]
 132 0020 4FF48033 		mov	r3, #65536
 133 0024 0793     		str	r3, [sp, #28]
 134 0026 2046     		mov	r0, r4
 135 0028 FFF7FEFF 		bl	HAL_RCC_OscConfig
 136 002c 68B9     		cbnz	r0, .L11
 137 002e 0F23     		movs	r3, #15
 138 0030 0193     		str	r3, [sp, #4]
 139 0032 0123     		movs	r3, #1
 140 0034 0293     		str	r3, [sp, #8]
 141 0036 0021     		movs	r1, #0
 142 0038 0391     		str	r1, [sp, #12]
 143 003a 0491     		str	r1, [sp, #16]
 144 003c 0591     		str	r1, [sp, #20]
 145 003e 01A8     		add	r0, sp, #4
 146 0040 FFF7FEFF 		bl	HAL_RCC_ClockConfig
 147 0044 18B9     		cbnz	r0, .L12
 148 0046 10B0     		add	sp, sp, #64
 149              		@ sp needed
 150 0048 10BD     		pop	{r4, pc}
 151              	.L11:
 152 004a FFF7FEFF 		bl	Error_Handler
 153              	.L12:
 154 004e FFF7FEFF 		bl	Error_Handler
 156              		.section	.text.main,"ax",%progbits
 157              		.align	1
 158              		.global	main
 159              		.syntax unified
 160              		.thumb
 161              		.thumb_func
 163              	main:
 164              		@ Volatile: function does not return.
 165              		@ args = 0, pretend = 0, frame = 0
 166              		@ frame_needed = 0, uses_anonymous_args = 0
 167 0000 08B5     		push	{r3, lr}
 168 0002 FFF7FEFF 		bl	HAL_Init
 169 0006 FFF7FEFF 		bl	SystemClock_Config
 170 000a FFF7FEFF 		bl	MX_GPIO_Init
 171              	.L14:
 172 000e 0122     		movs	r2, #1
 173 0010 4FF40051 		mov	r1, #8192
 174 0014 0748     		ldr	r0, .L17
 175 0016 FFF7FEFF 		bl	HAL_GPIO_WritePin
 176 001a 4021     		movs	r1, #64
 177 001c 0648     		ldr	r0, .L17+4
 178 001e FFF7FEFF 		bl	HAL_GPIO_ReadPin
ARM GAS  /tmp/cc5PxIEN.s 			page 4


 179 0022 0128     		cmp	r0, #1
 180 0024 F3D1     		bne	.L14
 181 0026 0022     		movs	r2, #0
 182 0028 4FF40051 		mov	r1, #8192
 183 002c 0148     		ldr	r0, .L17
 184 002e FFF7FEFF 		bl	HAL_GPIO_WritePin
 185 0032 ECE7     		b	.L14
 186              	.L18:
 187              		.align	2
 188              	.L17:
 189 0034 00100140 		.word	1073811456
 190 0038 00080140 		.word	1073809408
 192              		.ident	"GCC: (Arch Repository) 14.2.0"
ARM GAS  /tmp/cc5PxIEN.s 			page 5


DEFINED SYMBOLS
                            *ABS*:00000000 main.c
     /tmp/cc5PxIEN.s:16     .text.MX_GPIO_Init:00000000 $t
     /tmp/cc5PxIEN.s:21     .text.MX_GPIO_Init:00000000 MX_GPIO_Init
     /tmp/cc5PxIEN.s:82     .text.MX_GPIO_Init:00000084 $d
     /tmp/cc5PxIEN.s:87     .text.Error_Handler:00000000 $t
     /tmp/cc5PxIEN.s:93     .text.Error_Handler:00000000 Error_Handler
     /tmp/cc5PxIEN.s:108    .text.SystemClock_Config:00000000 $t
     /tmp/cc5PxIEN.s:114    .text.SystemClock_Config:00000000 SystemClock_Config
     /tmp/cc5PxIEN.s:157    .text.main:00000000 $t
     /tmp/cc5PxIEN.s:163    .text.main:00000000 main
     /tmp/cc5PxIEN.s:189    .text.main:00000034 $d

UNDEFINED SYMBOLS
HAL_GPIO_WritePin
HAL_GPIO_Init
memset
HAL_RCC_OscConfig
HAL_RCC_ClockConfig
HAL_Init
HAL_GPIO_ReadPin
